<?xml version="1.0" encoding="UTF-8"?>
<testsuite xmlns:xsi="http://www.w3.org/2001/XMLSchema-instance" xsi:noNamespaceSchemaLocation="https://maven.apache.org/surefire/maven-failsafe-plugin/xsd/failsafe-test-report-3.0.xsd" version="3.0" name="com.enginegroup.runner.SingleTestRunner" time="4.257" tests="2" errors="1" skipped="0" failures="0">
  <properties>
[...]
</properties>
  <testcase name="Get the details of employee" classname="Create API test scenarios for Get, Post, Put and Delete Http methods using demo webservice" time="2.569">
    <system-out><![CDATA[22:46:15.552 [main] INFO io.cucumber.core.plugin.SerenityReporter - Running feature from file:///Users/BhavaniPrasad.Bandla/IdeaProjects/local_projects/poc/serenity-bdd-sample-main/src/test/resources/features/api/HappyPath.feature
22:46:15.633 [main] INFO  - &amp#27;[96m

-------------------------------------------------------------------------------------
     _______. _______ .______       _______ .__   __.  __  .___________.____    ____ 
    /       ||   ____||   _  \     |   ____||  \ |  | |  | |           |\   \  /   / 
   |   (----`|  |__   |  |_)  |    |  |__   |   \|  | |  | `---|  |----` \   \/   /  
    \   \    |   __|  |      /     |   __|  |  . `  | |  |     |  |       \_    _/   
.----)   |   |  |____ |  |\  \----.|  |____ |  |\   | |  |     |  |         |  |     
|_______/    |_______|| _| `._____||_______||__| \__| |__|     |__|         |__|    
                                                                                     
 News and tutorials at http://www.serenity-bdd.info                                  
 Documentation at https://wakaleo.gitbooks.io/the-serenity-book/content/             
 Join the Serenity Community on Gitter: https://gitter.im/serenity-bdd/serenity-core 
 Serenity BDD Support and Training at http://serenity-bdd.info/#/trainingandsupport  
-------------------------------------------------------------------------------------
&amp#27;[0m
22:46:15.635 [main] DEBUG net.thucydides.core.steps.StepEventBus - Test suite started for story net.thucydides.core.model.Story@14ef9859
22:46:15.640 [main] INFO io.cucumber.core.plugin.SerenityReporter - Running feature from file:///Users/BhavaniPrasad.Bandla/IdeaProjects/local_projects/poc/serenity-bdd-sample-main/src/test/resources/features/ui/ErrorMessages.feature
22:46:15.644 [main] DEBUG net.thucydides.core.steps.StepEventBus - Test suite started for story net.thucydides.core.model.Story@93aec047
22:46:15.644 [main] INFO io.cucumber.core.plugin.SerenityReporter - Running feature from file:///Users/BhavaniPrasad.Bandla/IdeaProjects/local_projects/poc/serenity-bdd-sample-main/src/test/resources/features/ui/HomePage.feature
22:46:15.646 [main] DEBUG net.thucydides.core.steps.StepEventBus - Test suite started for story net.thucydides.core.model.Story@7ff906c1
22:46:15.647 [main] INFO io.cucumber.core.plugin.SerenityReporter - Running feature from file:///Users/BhavaniPrasad.Bandla/IdeaProjects/local_projects/poc/serenity-bdd-sample-main/src/test/resources/features/ui/ShoppingCart.feature
22:46:15.649 [main] DEBUG net.thucydides.core.steps.StepEventBus - Test suite started for story net.thucydides.core.model.Story@9d47c45c
22:46:15.649 [main] INFO io.cucumber.core.plugin.SerenityReporter - Running feature from file:///Users/BhavaniPrasad.Bandla/IdeaProjects/local_projects/poc/serenity-bdd-sample-main/src/test/resources/features/api/HappyPath.feature
22:46:15.650 [main] DEBUG net.thucydides.core.steps.StepEventBus - Test suite started for story net.thucydides.core.model.Story@14ef9859

@sample @api_demo
Scenario: Get the details of employee                        &amp#27;[90m# src/test/resources/features/api/HappyPath.feature:4&amp#27;[0m
22:46:15.687 [main] INFO io.cucumber.core.plugin.SerenityReporter - Running feature from file:///Users/BhavaniPrasad.Bandla/IdeaProjects/local_projects/poc/serenity-bdd-sample-main/src/test/resources/features/api/HappyPath.feature
22:46:17.061 [main] DEBUG org.apache.http.impl.conn.BasicClientConnectionManager - Get connection for route {}->http://dummy.restapiexample.com:80
22:46:17.088 [main] DEBUG org.apache.http.impl.conn.DefaultClientConnectionOperator - Connecting to dummy.restapiexample.com:80
22:46:17.103 [main] DEBUG org.apache.http.client.protocol.RequestAddCookies - CookieSpec selected: ignoreCookies
22:46:17.103 [main] DEBUG org.apache.http.client.protocol.RequestAuthCache - Auth cache not set in the context
22:46:17.104 [main] DEBUG org.apache.http.client.protocol.RequestTargetAuthentication - Target auth state: UNCHALLENGED
22:46:17.104 [main] DEBUG org.apache.http.client.protocol.RequestProxyAuthentication - Proxy auth state: UNCHALLENGED
22:46:17.104 [main] DEBUG org.apache.http.impl.client.DefaultHttpClient - Attempt 1 to execute request
22:46:17.104 [main] DEBUG org.apache.http.impl.conn.DefaultClientConnection - Sending request: GET /api/v1/employee/1 HTTP/1.1
22:46:17.104 [main] DEBUG org.apache.http.wire -  >> "GET /api/v1/employee/1 HTTP/1.1[\r][\n]"
22:46:17.104 [main] DEBUG org.apache.http.wire -  >> "Content-Type: application/json[\r][\n]"
22:46:17.105 [main] DEBUG org.apache.http.wire -  >> "Accept: */*[\r][\n]"
22:46:17.105 [main] DEBUG org.apache.http.wire -  >> "Host: dummy.restapiexample.com[\r][\n]"
22:46:17.105 [main] DEBUG org.apache.http.wire -  >> "Connection: Keep-Alive[\r][\n]"
22:46:17.105 [main] DEBUG org.apache.http.wire -  >> "User-Agent: Apache-HttpClient/4.5.13 (Java/1.8.0_322)[\r][\n]"
22:46:17.105 [main] DEBUG org.apache.http.wire -  >> "Accept-Encoding: gzip,deflate[\r][\n]"
22:46:17.105 [main] DEBUG org.apache.http.wire -  >> "[\r][\n]"
22:46:17.105 [main] DEBUG org.apache.http.headers - >> GET /api/v1/employee/1 HTTP/1.1
22:46:17.105 [main] DEBUG org.apache.http.headers - >> Content-Type: application/json
22:46:17.105 [main] DEBUG org.apache.http.headers - >> Accept: */*
22:46:17.105 [main] DEBUG org.apache.http.headers - >> Host: dummy.restapiexample.com
22:46:17.105 [main] DEBUG org.apache.http.headers - >> Connection: Keep-Alive
22:46:17.105 [main] DEBUG org.apache.http.headers - >> User-Agent: Apache-HttpClient/4.5.13 (Java/1.8.0_322)
22:46:17.105 [main] DEBUG org.apache.http.headers - >> Accept-Encoding: gzip,deflate
22:46:17.715 [main] DEBUG org.apache.http.wire -  << "HTTP/1.1 200 OK[\r][\n]"
22:46:17.717 [main] DEBUG org.apache.http.wire -  << "Cache-Control: no-cache, private, max-age=31536000[\r][\n]"
22:46:17.717 [main] DEBUG org.apache.http.wire -  << "Content-Type: application/json[\r][\n]"
22:46:17.717 [main] DEBUG org.apache.http.wire -  << "Date: Mon, 25 Apr 2022 21:46:17 GMT[\r][\n]"
22:46:17.717 [main] DEBUG org.apache.http.wire -  << "Display: staticcontent_sol[\r][\n]"
22:46:17.718 [main] DEBUG org.apache.http.wire -  << "Expires: Tue, 25 Apr 2023 21:46:17 GMT[\r][\n]"
22:46:17.718 [main] DEBUG org.apache.http.wire -  << "Host-Header: c2hhcmVkLmJsdWVob3N0LmNvbQ==[\r][\n]"
22:46:17.718 [main] DEBUG org.apache.http.wire -  << "Referrer-Policy: [\r][\n]"
22:46:17.718 [main] DEBUG org.apache.http.wire -  << "Response: 200[\r][\n]"
22:46:17.718 [main] DEBUG org.apache.http.wire -  << "Server: nginx/1.19.10[\r][\n]"
22:46:17.718 [main] DEBUG org.apache.http.wire -  << "Vary: Accept-Encoding[\r][\n]"
22:46:17.718 [main] DEBUG org.apache.http.wire -  << "Vary: Accept-Encoding,User-Agent,Origin[\r][\n]"
22:46:17.718 [main] DEBUG org.apache.http.wire -  << "X-Ezoic-Cdn: Miss[\r][\n]"
22:46:17.718 [main] DEBUG org.apache.http.wire -  << "X-Middleton-Display: staticcontent_sol[\r][\n]"
22:46:17.718 [main] DEBUG org.apache.http.wire -  << "X-Middleton-Response: 200[\r][\n]"
22:46:17.718 [main] DEBUG org.apache.http.wire -  << "X-Origin-Cache-Control: no-cache, private[\r][\n]"
22:46:17.718 [main] DEBUG org.apache.http.wire -  << "X-Ratelimit-Limit: 60[\r][\n]"
22:46:17.719 [main] DEBUG org.apache.http.wire -  << "X-Ratelimit-Remaining: 58[\r][\n]"
22:46:17.719 [main] DEBUG org.apache.http.wire -  << "X-Server-Cache: false[\r][\n]"
22:46:17.719 [main] DEBUG org.apache.http.wire -  << "X-Sol: pub_site[\r][\n]"
22:46:17.719 [main] DEBUG org.apache.http.wire -  << "Content-Length: 179[\r][\n]"
22:46:17.719 [main] DEBUG org.apache.http.wire -  << "[\r][\n]"
22:46:17.720 [main] DEBUG org.apache.http.impl.conn.DefaultClientConnection - Receiving response: HTTP/1.1 200 OK
22:46:17.720 [main] DEBUG org.apache.http.headers - << HTTP/1.1 200 OK
22:46:17.720 [main] DEBUG org.apache.http.headers - << Cache-Control: no-cache, private, max-age=31536000
22:46:17.720 [main] DEBUG org.apache.http.headers - << Content-Type: application/json
22:46:17.720 [main] DEBUG org.apache.http.headers - << Date: Mon, 25 Apr 2022 21:46:17 GMT
22:46:17.720 [main] DEBUG org.apache.http.headers - << Display: staticcontent_sol
22:46:17.720 [main] DEBUG org.apache.http.headers - << Expires: Tue, 25 Apr 2023 21:46:17 GMT
22:46:17.720 [main] DEBUG org.apache.http.headers - << Host-Header: c2hhcmVkLmJsdWVob3N0LmNvbQ==
22:46:17.720 [main] DEBUG org.apache.http.headers - << Referrer-Policy: 
22:46:17.721 [main] DEBUG org.apache.http.headers - << Response: 200
22:46:17.721 [main] DEBUG org.apache.http.headers - << Server: nginx/1.19.10
22:46:17.721 [main] DEBUG org.apache.http.headers - << Vary: Accept-Encoding
22:46:17.721 [main] DEBUG org.apache.http.headers - << Vary: Accept-Encoding,User-Agent,Origin
22:46:17.721 [main] DEBUG org.apache.http.headers - << X-Ezoic-Cdn: Miss
22:46:17.721 [main] DEBUG org.apache.http.headers - << X-Middleton-Display: staticcontent_sol
22:46:17.721 [main] DEBUG org.apache.http.headers - << X-Middleton-Response: 200
22:46:17.721 [main] DEBUG org.apache.http.headers - << X-Origin-Cache-Control: no-cache, private
22:46:17.721 [main] DEBUG org.apache.http.headers - << X-Ratelimit-Limit: 60
22:46:17.721 [main] DEBUG org.apache.http.headers - << X-Ratelimit-Remaining: 58
22:46:17.721 [main] DEBUG org.apache.http.headers - << X-Server-Cache: false
22:46:17.721 [main] DEBUG org.apache.http.headers - << X-Sol: pub_site
22:46:17.721 [main] DEBUG org.apache.http.headers - << Content-Length: 179
22:46:17.725 [main] DEBUG org.apache.http.impl.client.DefaultHttpClient - Connection can be kept alive indefinitely
22:46:17.730 [main] DEBUG io.restassured.internal.RestAssuredHttpBuilder - Parsing response as: application/json
22:46:17.730 [main] DEBUG io.restassured.internal.RestAssuredHttpBuilder - Parsed data to instance of: class org.apache.http.conn.EofSensorInputStream
22:46:17.769 [main] DEBUG org.apache.http.wire -  << "{"status":"success","data":{"id":1,"employee_name":"Tiger Nixon","employee_salary":320800,"employee_age":61,"profile_image":""},"message":"Successfully! Record has been fetched."}"
22:46:17.769 [main] DEBUG org.apache.http.impl.conn.BasicClientConnectionManager - Releasing connection org.apache.http.impl.conn.ManagedClientConnectionImpl@6ddee60f
22:46:17.769 [main] DEBUG org.apache.http.impl.conn.BasicClientConnectionManager - Connection can be kept alive indefinitely
  &amp#27;[32mGiven &amp#27;[0m&amp#27;[32mI send a request to endpoint using params &amp#27;[0m&amp#27;[32m&amp#27;[1memployee/1&amp#27;[0m &amp#27;[90m# com.enginegroup.stepdef.api.EmployeeDefinitions.sendGetRequest(java.lang.String)&amp#27;[0m
  &amp#27;[32mThen &amp#27;[0m&amp#27;[32mThe API should return status &amp#27;[0m&amp#27;[32m&amp#27;[1m200&amp#27;[0m                      &amp#27;[90m# com.enginegroup.stepdef.api.EmployeeDefinitions.verifyResponse(int)&amp#27;[0m
  &amp#27;[32mAnd &amp#27;[0m&amp#27;[32mResponse should contains employee name &amp#27;[0m&amp#27;[32m&amp#27;[1mTiger Nixon&amp#27;[0m     &amp#27;[90m# com.enginegroup.stepdef.api.EmployeeDefinitions.verifyResponseContent(java.lang.String)&amp#27;[0m
]]></system-out>
  </testcase>
  <testcase name="Create an employee using dummy body content" classname="Create API test scenarios for Get, Post, Put and Delete Http methods using demo webservice" time="0.018">
    <error message="&quot;I send a request to endpoint using params create and following body content name salary age&quot; matches more than one step definition:&#10;  &quot;I send a request to endpoint using params {}&quot; in com.enginegroup.stepdef.api.EmployeeDefinitions.sendGetRequest(java.lang.String)&#10;  &quot;I send a request to endpoint using params {} and following body content {} {} {}&quot; in com.enginegroup.stepdef.api.EmployeeDefinitions.sendPostRequest(java.lang.String,java.lang.String,int,int)" type="io.cucumber.core.runner.AmbiguousStepDefinitionsException"><![CDATA[io.cucumber.core.runner.AmbiguousStepDefinitionsException: 
"I send a request to endpoint using params create and following body content name salary age" matches more than one step definition:
  "I send a request to endpoint using params {}" in com.enginegroup.stepdef.api.EmployeeDefinitions.sendGetRequest(java.lang.String)
  "I send a request to endpoint using params {} and following body content {} {} {}" in com.enginegroup.stepdef.api.EmployeeDefinitions.sendPostRequest(java.lang.String,java.lang.String,int,int)
	at io.cucumber.core.runner.CachingGlue.findStepDefinitionMatch(CachingGlue.java:402)
	at io.cucumber.core.runner.CachingGlue.stepDefinitionMatch(CachingGlue.java:370)
	at io.cucumber.core.runner.Runner.matchStepToStepDefinition(Runner.java:183)
	at io.cucumber.core.runner.Runner.createTestStepsForPickleSteps(Runner.java:163)
	at io.cucumber.core.runner.Runner.createTestCaseForPickle(Runner.java:146)
	at io.cucumber.core.runner.Runner.runPickle(Runner.java:74)
	at io.cucumber.junit.PickleRunners$NoStepDescriptions.lambda$run$0(PickleRunners.java:151)
	at io.cucumber.core.runtime.CucumberExecutionContext.lambda$runTestCase$3(CucumberExecutionContext.java:151)
	at io.cucumber.core.runtime.RethrowingThrowableCollector.executeAndThrow(RethrowingThrowableCollector.java:23)
	at io.cucumber.core.runtime.CucumberExecutionContext.runTestCase(CucumberExecutionContext.java:151)
	at io.cucumber.junit.PickleRunners$NoStepDescriptions.run(PickleRunners.java:148)
	at io.cucumber.junit.FeatureRunner.runChild(FeatureRunner.java:144)
	at io.cucumber.junit.FeatureRunner.runChild(FeatureRunner.java:28)
	at org.junit.runners.ParentRunner$4.run(ParentRunner.java:331)
	at org.junit.runners.ParentRunner$1.schedule(ParentRunner.java:79)
	at org.junit.runners.ParentRunner.runChildren(ParentRunner.java:329)
	at org.junit.runners.ParentRunner.access$100(ParentRunner.java:66)
	at org.junit.runners.ParentRunner$2.evaluate(ParentRunner.java:293)
	at org.junit.runners.ParentRunner$3.evaluate(ParentRunner.java:306)
	at org.junit.runners.ParentRunner.run(ParentRunner.java:413)
	at io.cucumber.junit.FeatureRunner.run(FeatureRunner.java:137)
	at io.cucumber.junit.CucumberSerenityRunner.runChild(CucumberSerenityRunner.java:258)
	at io.cucumber.junit.CucumberSerenityRunner.runChild(CucumberSerenityRunner.java:58)
	at org.junit.runners.ParentRunner$4.run(ParentRunner.java:331)
	at org.junit.runners.ParentRunner$1.schedule(ParentRunner.java:79)
	at org.junit.runners.ParentRunner.runChildren(ParentRunner.java:329)
	at org.junit.runners.ParentRunner.access$100(ParentRunner.java:66)
	at org.junit.runners.ParentRunner$2.evaluate(ParentRunner.java:293)
	at io.cucumber.junit.CucumberSerenityRunner$RunCucumber.evaluate(CucumberSerenityRunner.java:287)
	at org.junit.internal.runners.statements.RunBefores.evaluate(RunBefores.java:26)
	at org.junit.runners.ParentRunner$3.evaluate(ParentRunner.java:306)
	at org.junit.runners.ParentRunner.run(ParentRunner.java:413)
	at org.junit.runner.JUnitCore.run(JUnitCore.java:137)
	at org.junit.runner.JUnitCore.run(JUnitCore.java:115)
	at org.junit.vintage.engine.execution.RunnerExecutor.execute(RunnerExecutor.java:42)
	at org.junit.vintage.engine.VintageTestEngine.executeAllChildren(VintageTestEngine.java:80)
	at org.junit.vintage.engine.VintageTestEngine.execute(VintageTestEngine.java:72)
	at org.junit.platform.launcher.core.EngineExecutionOrchestrator.execute(EngineExecutionOrchestrator.java:107)
	at org.junit.platform.launcher.core.EngineExecutionOrchestrator.execute(EngineExecutionOrchestrator.java:88)
	at org.junit.platform.launcher.core.EngineExecutionOrchestrator.lambda$execute$0(EngineExecutionOrchestrator.java:54)
	at org.junit.platform.launcher.core.EngineExecutionOrchestrator.withInterceptedStreams(EngineExecutionOrchestrator.java:67)
	at org.junit.platform.launcher.core.EngineExecutionOrchestrator.execute(EngineExecutionOrchestrator.java:52)
	at org.junit.platform.launcher.core.DefaultLauncher.execute(DefaultLauncher.java:114)
	at org.junit.platform.launcher.core.DefaultLauncher.execute(DefaultLauncher.java:86)
	at org.junit.platform.launcher.core.DefaultLauncherSession$DelegatingLauncher.execute(DefaultLauncherSession.java:86)
	at org.apache.maven.surefire.junitplatform.LazyLauncher.execute(LazyLauncher.java:55)
	at org.apache.maven.surefire.junitplatform.JUnitPlatformProvider.execute(JUnitPlatformProvider.java:223)
	at org.apache.maven.surefire.junitplatform.JUnitPlatformProvider.invokeAllTests(JUnitPlatformProvider.java:175)
	at org.apache.maven.surefire.junitplatform.JUnitPlatformProvider.invoke(JUnitPlatformProvider.java:139)
	at org.apache.maven.surefire.booter.ForkedBooter.runSuitesInProcess(ForkedBooter.java:456)
	at org.apache.maven.surefire.booter.ForkedBooter.execute(ForkedBooter.java:169)
	at org.apache.maven.surefire.booter.ForkedBooter.run(ForkedBooter.java:595)
	at org.apache.maven.surefire.booter.ForkedBooter.main(ForkedBooter.java:581)
]]></error>
    <system-out><![CDATA[
@sample @api_demo
Scenario: Create an employee using dummy body content                                               &amp#27;[90m# src/test/resources/features/api/HappyPath.feature:9&amp#27;[0m
22:46:18.224 [main] INFO io.cucumber.core.plugin.SerenityReporter - Running feature from file:///Users/BhavaniPrasad.Bandla/IdeaProjects/local_projects/poc/serenity-bdd-sample-main/src/test/resources/features/api/HappyPath.feature
  &amp#27;[31mGiven &amp#27;[0m&amp#27;[31mI send a request to endpoint using params create and following body content name salary age&amp#27;[0m
    | name | salary | age |
    | test | 123    | 23  |
      &amp#27;[31mio.cucumber.core.runner.AmbiguousStepDefinitionsException: "I send a request to endpoint using params create and following body content name salary age" matches more than one step definition:
  "I send a request to endpoint using params {}" in com.enginegroup.stepdef.api.EmployeeDefinitions.sendGetRequest(java.lang.String)
  "I send a request to endpoint using params {} and following body content {} {} {}" in com.enginegroup.stepdef.api.EmployeeDefinitions.sendPostRequest(java.lang.String,java.lang.String,int,int)
	at io.cucumber.core.runner.CachingGlue.findStepDefinitionMatch(CachingGlue.java:402)
	at io.cucumber.core.runner.CachingGlue.stepDefinitionMatch(CachingGlue.java:370)
	at io.cucumber.core.runner.Runner.matchStepToStepDefinition(Runner.java:183)
	at io.cucumber.core.runner.Runner.createTestStepsForPickleSteps(Runner.java:163)
	at io.cucumber.core.runner.Runner.createTestCaseForPickle(Runner.java:146)
	at io.cucumber.core.runner.Runner.runPickle(Runner.java:74)
	at io.cucumber.junit.PickleRunners$NoStepDescriptions.lambda$run$0(PickleRunners.java:151)
	at io.cucumber.core.runtime.CucumberExecutionContext.lambda$runTestCase$3(CucumberExecutionContext.java:151)
	at io.cucumber.core.runtime.RethrowingThrowableCollector.executeAndThrow(RethrowingThrowableCollector.java:23)
	at io.cucumber.core.runtime.CucumberExecutionContext.runTestCase(CucumberExecutionContext.java:151)
	at io.cucumber.junit.PickleRunners$NoStepDescriptions.run(PickleRunners.java:148)
	at io.cucumber.junit.FeatureRunner.runChild(FeatureRunner.java:144)
	at io.cucumber.junit.FeatureRunner.runChild(FeatureRunner.java:28)
	at org.junit.runners.ParentRunner$4.run(ParentRunner.java:331)
	at org.junit.runners.ParentRunner$1.schedule(ParentRunner.java:79)
	at org.junit.runners.ParentRunner.runChildren(ParentRunner.java:329)
	at org.junit.runners.ParentRunner.access$100(ParentRunner.java:66)
	at org.junit.runners.ParentRunner$2.evaluate(ParentRunner.java:293)
	at org.junit.runners.ParentRunner$3.evaluate(ParentRunner.java:306)
	at org.junit.runners.ParentRunner.run(ParentRunner.java:413)
	at io.cucumber.junit.FeatureRunner.run(FeatureRunner.java:137)
	at io.cucumber.junit.CucumberSerenityRunner.runChild(CucumberSerenityRunner.java:258)
	at io.cucumber.junit.CucumberSerenityRunner.runChild(CucumberSerenityRunner.java:58)
	at org.junit.runners.ParentRunner$4.run(ParentRunner.java:331)
	at org.junit.runners.ParentRunner$1.schedule(ParentRunner.java:79)
	at org.junit.runners.ParentRunner.runChildren(ParentRunner.java:329)
	at org.junit.runners.ParentRunner.access$100(ParentRunner.java:66)
	at org.junit.runners.ParentRunner$2.evaluate(ParentRunner.java:293)
	at io.cucumber.junit.CucumberSerenityRunner$RunCucumber.evaluate(CucumberSerenityRunner.java:287)
	at org.junit.internal.runners.statements.RunBefores.evaluate(RunBefores.java:26)
	at org.junit.runners.ParentRunner$3.evaluate(ParentRunner.java:306)
	at org.junit.runners.ParentRunner.run(ParentRunner.java:413)
	at org.junit.runner.JUnitCore.run(JUnitCore.java:137)
	at org.junit.runner.JUnitCore.run(JUnitCore.java:115)
	at org.junit.vintage.engine.execution.RunnerExecutor.execute(RunnerExecutor.java:42)
	at org.junit.vintage.engine.VintageTestEngine.executeAllChildren(VintageTestEngine.java:80)
	at org.junit.vintage.engine.VintageTestEngine.execute(VintageTestEngine.java:72)
	at org.junit.platform.launcher.core.EngineExecutionOrchestrator.execute(EngineExecutionOrchestrator.java:107)
	at org.junit.platform.launcher.core.EngineExecutionOrchestrator.execute(EngineExecutionOrchestrator.java:88)
	at org.junit.platform.launcher.core.EngineExecutionOrchestrator.lambda$execute$0(EngineExecutionOrchestrator.java:54)
	at org.junit.platform.launcher.core.EngineExecutionOrchestrator.withInterceptedStreams(EngineExecutionOrchestrator.java:67)
	at org.junit.platform.launcher.core.EngineExecutionOrchestrator.execute(EngineExecutionOrchestrator.java:52)
	at org.junit.platform.launcher.core.DefaultLauncher.execute(DefaultLauncher.java:114)
	at org.junit.platform.launcher.core.DefaultLauncher.execute(DefaultLauncher.java:86)
	at org.junit.platform.launcher.core.DefaultLauncherSession$DelegatingLauncher.execute(DefaultLauncherSession.java:86)
	at org.apache.maven.surefire.junitplatform.LazyLauncher.execute(LazyLauncher.java:55)
	at org.apache.maven.surefire.junitplatform.JUnitPlatformProvider.execute(JUnitPlatformProvider.java:223)
	at org.apache.maven.surefire.junitplatform.JUnitPlatformProvider.invokeAllTests(JUnitPlatformProvider.java:175)
	at org.apache.maven.surefire.junitplatform.JUnitPlatformProvider.invoke(JUnitPlatformProvider.java:139)
	at org.apache.maven.surefire.booter.ForkedBooter.runSuitesInProcess(ForkedBooter.java:456)
	at org.apache.maven.surefire.booter.ForkedBooter.execute(ForkedBooter.java:169)
	at org.apache.maven.surefire.booter.ForkedBooter.run(ForkedBooter.java:595)
	at org.apache.maven.surefire.booter.ForkedBooter.main(ForkedBooter.java:581)
&amp#27;[0m
  &amp#27;[36mThen &amp#27;[0m&amp#27;[36mThe API should return status &amp#27;[0m&amp#27;[36m&amp#27;[1m200&amp#27;[0m                                                             &amp#27;[90m# com.enginegroup.stepdef.api.EmployeeDefinitions.verifyResponse(int)&amp#27;[0m
  &amp#27;[36mAnd &amp#27;[0m&amp#27;[36mResponse should contains employee name &amp#27;[0m&amp#27;[36m&amp#27;[1mtest&amp#27;[0m                                                   &amp#27;[90m# com.enginegroup.stepdef.api.EmployeeDefinitions.verifyResponseContent(java.lang.String)&amp#27;[0m
]]></system-out>
  </testcase>
</testsuite>